<?xml version="1.0" encoding="UTF-8"?>
<robot generator="Robot 3.2.2 (Python 3.11.4 on win32)" generated="20230622 00:38:42.556" rpa="false">
<suite id="s1" name="TestSuite1" source="C:\Users\joao.araruna\eclipse-workspace2\RobotProject1\Test\TestSuite1.robot">
<kw name="Log" library="BuiltIn" type="setup">
<doc>Logs the given message with the given level.</doc>
<arguments>
<arg>I am inside Test Suite Setup</arg>
</arguments>
<msg timestamp="20230622 00:38:42.783" level="INFO">I am inside Test Suite Setup</msg>
<status status="PASS" starttime="20230622 00:38:42.783" endtime="20230622 00:38:42.783"></status>
</kw>
<test id="s1-t1" name="MyFirstTest">
<kw name="Log" library="BuiltIn" type="setup">
<doc>Logs the given message with the given level.</doc>
<arguments>
<arg>I am inside Test Setup</arg>
</arguments>
<msg timestamp="20230622 00:38:42.785" level="INFO">I am inside Test Setup</msg>
<status status="PASS" starttime="20230622 00:38:42.785" endtime="20230622 00:38:42.785"></status>
</kw>
<kw name="Log" library="BuiltIn">
<doc>Logs the given message with the given level.</doc>
<arguments>
<arg>Hello World...</arg>
</arguments>
<msg timestamp="20230622 00:38:42.786" level="INFO">Hello World...</msg>
<status status="PASS" starttime="20230622 00:38:42.785" endtime="20230622 00:38:42.786"></status>
</kw>
<kw name="Log" library="BuiltIn" type="teardown">
<doc>Logs the given message with the given level.</doc>
<arguments>
<arg>I am inside Test TearDown</arg>
</arguments>
<msg timestamp="20230622 00:38:42.786" level="INFO">I am inside Test TearDown</msg>
<status status="PASS" starttime="20230622 00:38:42.786" endtime="20230622 00:38:42.786"></status>
</kw>
<tags>
<tag>smoke</tag>
</tags>
<status status="PASS" starttime="20230622 00:38:42.784" endtime="20230622 00:38:42.786" critical="yes"></status>
</test>
<test id="s1-t2" name="MySecondTest">
<kw name="Log" library="BuiltIn" type="setup">
<doc>Logs the given message with the given level.</doc>
<arguments>
<arg>I am inside Test Setup</arg>
</arguments>
<msg timestamp="20230622 00:38:42.788" level="INFO">I am inside Test Setup</msg>
<status status="PASS" starttime="20230622 00:38:42.788" endtime="20230622 00:38:42.788"></status>
</kw>
<kw name="Log" library="BuiltIn">
<doc>Logs the given message with the given level.</doc>
<arguments>
<arg>I am inside second test</arg>
</arguments>
<msg timestamp="20230622 00:38:42.789" level="INFO">I am inside second test</msg>
<status status="PASS" starttime="20230622 00:38:42.788" endtime="20230622 00:38:42.789"></status>
</kw>
<kw name="Set Tags" library="BuiltIn">
<doc>Adds given ``tags`` for the current test or all tests in a suite.</doc>
<arguments>
<arg>regression1</arg>
</arguments>
<msg timestamp="20230622 00:38:42.789" level="INFO">Set tag 'regression1'.</msg>
<status status="PASS" starttime="20230622 00:38:42.789" endtime="20230622 00:38:42.789"></status>
</kw>
<kw name="Remove Tags" library="BuiltIn">
<doc>Removes given ``tags`` from the current test or all tests in a suite.</doc>
<arguments>
<arg>regression1</arg>
</arguments>
<msg timestamp="20230622 00:38:42.790" level="INFO">Removed tag 'regression1'.</msg>
<status status="PASS" starttime="20230622 00:38:42.789" endtime="20230622 00:38:42.790"></status>
</kw>
<kw name="Log" library="BuiltIn" type="teardown">
<doc>Logs the given message with the given level.</doc>
<arguments>
<arg>I am inside Test TearDown</arg>
</arguments>
<msg timestamp="20230622 00:38:42.790" level="INFO">I am inside Test TearDown</msg>
<status status="PASS" starttime="20230622 00:38:42.790" endtime="20230622 00:38:42.790"></status>
</kw>
<tags>
<tag>example</tag>
</tags>
<status status="PASS" starttime="20230622 00:38:42.787" endtime="20230622 00:38:42.790" critical="yes"></status>
</test>
<test id="s1-t3" name="MyThirdTest">
<kw name="Log" library="BuiltIn" type="setup">
<doc>Logs the given message with the given level.</doc>
<arguments>
<arg>I am inside Test Setup</arg>
</arguments>
<msg timestamp="20230622 00:38:42.792" level="INFO">I am inside Test Setup</msg>
<status status="PASS" starttime="20230622 00:38:42.792" endtime="20230622 00:38:42.792"></status>
</kw>
<kw name="Log" library="BuiltIn">
<doc>Logs the given message with the given level.</doc>
<arguments>
<arg>I am inside third test</arg>
</arguments>
<msg timestamp="20230622 00:38:42.793" level="INFO">I am inside third test</msg>
<status status="PASS" starttime="20230622 00:38:42.793" endtime="20230622 00:38:42.793"></status>
</kw>
<kw name="Log" library="BuiltIn" type="teardown">
<doc>Logs the given message with the given level.</doc>
<arguments>
<arg>I am inside Test TearDown</arg>
</arguments>
<msg timestamp="20230622 00:38:42.794" level="INFO">I am inside Test TearDown</msg>
<status status="PASS" starttime="20230622 00:38:42.793" endtime="20230622 00:38:42.794"></status>
</kw>
<tags>
<tag>sanity</tag>
</tags>
<status status="PASS" starttime="20230622 00:38:42.792" endtime="20230622 00:38:42.794" critical="yes"></status>
</test>
<kw name="Log" library="BuiltIn" type="teardown">
<doc>Logs the given message with the given level.</doc>
<arguments>
<arg>I am inside Test Suite TearDown</arg>
</arguments>
<msg timestamp="20230622 00:38:42.795" level="INFO">I am inside Test Suite TearDown</msg>
<status status="PASS" starttime="20230622 00:38:42.795" endtime="20230622 00:38:42.795"></status>
</kw>
<status status="PASS" starttime="20230622 00:38:42.558" endtime="20230622 00:38:42.795"></status>
</suite>
<statistics>
<total>
<stat pass="3" fail="0">Critical Tests</stat>
<stat pass="3" fail="0">All Tests</stat>
</total>
<tag>
<stat pass="1" fail="0">example</stat>
<stat pass="1" fail="0">sanity</stat>
<stat pass="1" fail="0">smoke</stat>
</tag>
<suite>
<stat pass="3" fail="0" id="s1" name="TestSuite1">TestSuite1</stat>
</suite>
</statistics>
<errors>
</errors>
</robot>
